  ApplicationCoordinator.cpp
  Console.cpp
  Product.cpp
  ProductException.cpp
  ProductValidator.cpp
  RepoException.cpp
  Repository.cpp
  Service.cpp
  ServiceException.cpp
  TestingApp.cpp
  TestingDomain.cpp
  TestingRepo.cpp
  TestingService.cpp
  TestingUtils.cpp
  TestingValidation.cpp
  Utils.cpp
  Running Code Analysis for C/C++...
  Generating Code...
  1 Magazin.vcxproj -> C:\Users\Admin\Documents\VS Projects\Lab6-7\1 Magazin\Debug\1 Magazin.exe
C:\Users\Admin\Documents\VS Projects\Lab6-7\1 Magazin\Product.h(40): warning C26432: If you define or delete any default operation in the type 'class Product', define or delete them all (c.21).
C:\Users\Admin\Documents\VS Projects\Lab6-7\1 Magazin\ProductException.h(30): warning C26432: If you define or delete any default operation in the type 'class ProductException', define or delete them all (c.21).
C:\Users\Admin\Documents\VS Projects\Lab6-7\1 Magazin\RepoException.h(30): warning C26432: If you define or delete any default operation in the type 'class RepoException', define or delete them all (c.21).
C:\Users\Admin\Documents\VS Projects\Lab6-7\1 Magazin\ServiceException.h(30): warning C26432: If you define or delete any default operation in the type 'class ServiceException', define or delete them all (c.21).
